{"/develope/rocketseat/ignite/react/ig-news/src/components/ActiveLink/index.tsx": {"path":"/develope/rocketseat/ignite/react/ig-news/src/components/ActiveLink/index.tsx","statementMap":{"0":{"start":{"line":11,"column":23},"end":{"line":11,"column":34}},"1":{"start":{"line":13,"column":22},"end":{"line":15,"column":12}},"2":{"start":{"line":17,"column":4},"end":{"line":23,"column":5}}},"fnMap":{"0":{"name":"ActiveLink","decl":{"start":{"line":10,"column":16},"end":{"line":10,"column":26}},"loc":{"start":{"line":10,"column":84},"end":{"line":24,"column":1}},"line":10}},"branchMap":{"0":{"loc":{"start":{"line":13,"column":22},"end":{"line":15,"column":12}},"type":"cond-expr","locations":[{"start":{"line":14,"column":10},"end":{"line":14,"column":25}},{"start":{"line":15,"column":10},"end":{"line":15,"column":12}}],"line":13}},"s":{"0":4,"1":4,"2":4},"f":{"0":4},"b":{"0":[3,1]},"_coverageSchema":"1a1c01bbd47fc00a2c39e90264f33305004495a9","hash":"9e8611241d0d4a39ebbaa092dc5b513e0b9e3158"}
,"/develope/rocketseat/ignite/react/ig-news/src/components/Async/index.tsx": {"path":"/develope/rocketseat/ignite/react/ig-news/src/components/Async/index.tsx","statementMap":{"0":{"start":{"line":4,"column":50},"end":{"line":4,"column":65}},"1":{"start":{"line":5,"column":54},"end":{"line":5,"column":69}},"2":{"start":{"line":7,"column":4},"end":{"line":11,"column":10}},"3":{"start":{"line":8,"column":8},"end":{"line":10,"column":16}},"4":{"start":{"line":9,"column":12},"end":{"line":9,"column":38}},"5":{"start":{"line":13,"column":4},"end":{"line":18,"column":5}}},"fnMap":{"0":{"name":"Async","decl":{"start":{"line":3,"column":16},"end":{"line":3,"column":21}},"loc":{"start":{"line":3,"column":24},"end":{"line":19,"column":1}},"line":3},"1":{"name":"(anonymous_1)","decl":{"start":{"line":7,"column":14},"end":{"line":7,"column":15}},"loc":{"start":{"line":7,"column":20},"end":{"line":11,"column":5}},"line":7},"2":{"name":"(anonymous_2)","decl":{"start":{"line":8,"column":19},"end":{"line":8,"column":20}},"loc":{"start":{"line":8,"column":25},"end":{"line":10,"column":9}},"line":8}},"branchMap":{"0":{"loc":{"start":{"line":16,"column":14},"end":{"line":16,"column":59}},"type":"binary-expr","locations":[{"start":{"line":16,"column":14},"end":{"line":16,"column":32}},{"start":{"line":16,"column":36},"end":{"line":16,"column":59}}],"line":16}},"s":{"0":2,"1":2,"2":2,"3":1,"4":1,"5":2},"f":{"0":2,"1":1,"2":1},"b":{"0":[2,1]},"_coverageSchema":"1a1c01bbd47fc00a2c39e90264f33305004495a9","hash":"60349462ddb4af0e799338c5be0d21c70a8822b5"}
,"/develope/rocketseat/ignite/react/ig-news/src/components/Header/index.tsx": {"path":"/develope/rocketseat/ignite/react/ig-news/src/components/Header/index.tsx","statementMap":{"0":{"start":{"line":6,"column":4},"end":{"line":21,"column":5}}},"fnMap":{"0":{"name":"Header","decl":{"start":{"line":5,"column":16},"end":{"line":5,"column":22}},"loc":{"start":{"line":5,"column":25},"end":{"line":22,"column":1}},"line":5}},"branchMap":{},"s":{"0":1},"f":{"0":1},"b":{},"_coverageSchema":"1a1c01bbd47fc00a2c39e90264f33305004495a9","hash":"ad7b5051aa8dc1551bbae0c6e68449c2110ea6ac"}
,"/develope/rocketseat/ignite/react/ig-news/src/components/SignInButton/index.tsx": {"path":"/develope/rocketseat/ignite/react/ig-news/src/components/SignInButton/index.tsx","statementMap":{"0":{"start":{"line":7,"column":30},"end":{"line":7,"column":42}},"1":{"start":{"line":9,"column":4},"end":{"line":30,"column":6}},"2":{"start":{"line":13,"column":27},"end":{"line":13,"column":36}},"3":{"start":{"line":23,"column":31},"end":{"line":23,"column":47}}},"fnMap":{"0":{"name":"SignInButton","decl":{"start":{"line":6,"column":16},"end":{"line":6,"column":28}},"loc":{"start":{"line":6,"column":31},"end":{"line":33,"column":1}},"line":6},"1":{"name":"(anonymous_1)","decl":{"start":{"line":13,"column":21},"end":{"line":13,"column":22}},"loc":{"start":{"line":13,"column":27},"end":{"line":13,"column":36}},"line":13},"2":{"name":"(anonymous_2)","decl":{"start":{"line":23,"column":25},"end":{"line":23,"column":26}},"loc":{"start":{"line":23,"column":31},"end":{"line":23,"column":47}},"line":23}},"branchMap":{"0":{"loc":{"start":{"line":9,"column":11},"end":{"line":30,"column":5}},"type":"cond-expr","locations":[{"start":{"line":10,"column":8},"end":{"line":18,"column":17}},{"start":{"line":20,"column":8},"end":{"line":29,"column":17}}],"line":9}},"s":{"0":3,"1":3,"2":0,"3":0},"f":{"0":3,"1":0,"2":0},"b":{"0":[1,2]},"_coverageSchema":"1a1c01bbd47fc00a2c39e90264f33305004495a9","hash":"9284725461e761c30601f06318756673d4558cd9"}
,"/develope/rocketseat/ignite/react/ig-news/src/components/SubscribeButton/index.tsx": {"path":"/develope/rocketseat/ignite/react/ig-news/src/components/SubscribeButton/index.tsx","statementMap":{"0":{"start":{"line":13,"column":30},"end":{"line":13,"column":42}},"1":{"start":{"line":14,"column":19},"end":{"line":14,"column":30}},"2":{"start":{"line":17,"column":8},"end":{"line":20,"column":9}},"3":{"start":{"line":18,"column":12},"end":{"line":18,"column":28}},"4":{"start":{"line":19,"column":12},"end":{"line":19,"column":18}},"5":{"start":{"line":22,"column":8},"end":{"line":25,"column":9}},"6":{"start":{"line":23,"column":12},"end":{"line":23,"column":34}},"7":{"start":{"line":24,"column":12},"end":{"line":24,"column":19}},"8":{"start":{"line":27,"column":8},"end":{"line":37,"column":9}},"9":{"start":{"line":28,"column":29},"end":{"line":28,"column":60}},"10":{"start":{"line":30,"column":34},"end":{"line":30,"column":47}},"11":{"start":{"line":32,"column":27},"end":{"line":32,"column":46}},"12":{"start":{"line":34,"column":12},"end":{"line":34,"column":58}},"13":{"start":{"line":36,"column":12},"end":{"line":36,"column":30}},"14":{"start":{"line":39,"column":4},"end":{"line":47,"column":6}}},"fnMap":{"0":{"name":"SubscribeButton","decl":{"start":{"line":12,"column":16},"end":{"line":12,"column":31}},"loc":{"start":{"line":12,"column":67},"end":{"line":48,"column":1}},"line":12},"1":{"name":"handleSubscribe","decl":{"start":{"line":16,"column":19},"end":{"line":16,"column":34}},"loc":{"start":{"line":16,"column":37},"end":{"line":38,"column":5}},"line":16}},"branchMap":{"0":{"loc":{"start":{"line":17,"column":8},"end":{"line":20,"column":9}},"type":"if","locations":[{"start":{"line":17,"column":8},"end":{"line":20,"column":9}},{"start":{},"end":{}}],"line":17},"1":{"loc":{"start":{"line":22,"column":8},"end":{"line":25,"column":9}},"type":"if","locations":[{"start":{"line":22,"column":8},"end":{"line":25,"column":9}},{"start":{},"end":{}}],"line":22}},"s":{"0":4,"1":4,"2":2,"3":1,"4":1,"5":1,"6":1,"7":1,"8":0,"9":0,"10":0,"11":0,"12":0,"13":0,"14":4},"f":{"0":4,"1":2},"b":{"0":[1,1],"1":[1,0]},"_coverageSchema":"1a1c01bbd47fc00a2c39e90264f33305004495a9","hash":"2ac53c7fa131b48dcdc6bb9e2f962157b40fab14"}
,"/develope/rocketseat/ignite/react/ig-news/src/pages/index.tsx": {"path":"/develope/rocketseat/ignite/react/ig-news/src/pages/index.tsx","statementMap":{"0":{"start":{"line":16,"column":2},"end":{"line":34,"column":3}},"1":{"start":{"line":37,"column":46},"end":{"line":54,"column":1}},"2":{"start":{"line":38,"column":16},"end":{"line":38,"column":78}},"3":{"start":{"line":40,"column":18},"end":{"line":46,"column":3}},"4":{"start":{"line":48,"column":2},"end":{"line":53,"column":3}}},"fnMap":{"0":{"name":"Home","decl":{"start":{"line":15,"column":24},"end":{"line":15,"column":28}},"loc":{"start":{"line":15,"column":53},"end":{"line":35,"column":1}},"line":15},"1":{"name":"(anonymous_1)","decl":{"start":{"line":37,"column":46},"end":{"line":37,"column":47}},"loc":{"start":{"line":37,"column":58},"end":{"line":54,"column":1}},"line":37}},"branchMap":{},"s":{"0":1,"1":1,"2":1,"3":1,"4":1},"f":{"0":1,"1":1},"b":{},"_coverageSchema":"1a1c01bbd47fc00a2c39e90264f33305004495a9","hash":"84f2db94f2be5e3701e2b2d668a5b7bc0e23e66b"}
,"/develope/rocketseat/ignite/react/ig-news/src/pages/posts/[slug].tsx": {"path":"/develope/rocketseat/ignite/react/ig-news/src/pages/posts/[slug].tsx","statementMap":{"0":{"start":{"line":21,"column":4},"end":{"line":37,"column":5}},"1":{"start":{"line":40,"column":54},"end":{"line":72,"column":1}},"2":{"start":{"line":41,"column":20},"end":{"line":41,"column":45}},"3":{"start":{"line":42,"column":21},"end":{"line":42,"column":27}},"4":{"start":{"line":44,"column":4},"end":{"line":51,"column":5}},"5":{"start":{"line":45,"column":8},"end":{"line":50,"column":9}},"6":{"start":{"line":54,"column":20},"end":{"line":54,"column":41}},"7":{"start":{"line":56,"column":21},"end":{"line":56,"column":69}},"8":{"start":{"line":58,"column":17},"end":{"line":67,"column":5}},"9":{"start":{"line":69,"column":4},"end":{"line":71,"column":5}}},"fnMap":{"0":{"name":"Post","decl":{"start":{"line":19,"column":24},"end":{"line":19,"column":28}},"loc":{"start":{"line":19,"column":50},"end":{"line":38,"column":1}},"line":19},"1":{"name":"(anonymous_1)","decl":{"start":{"line":40,"column":54},"end":{"line":40,"column":55}},"loc":{"start":{"line":40,"column":81},"end":{"line":72,"column":1}},"line":40}},"branchMap":{"0":{"loc":{"start":{"line":44,"column":4},"end":{"line":51,"column":5}},"type":"if","locations":[{"start":{"line":44,"column":4},"end":{"line":51,"column":5}},{"start":{},"end":{}}],"line":44}},"s":{"0":1,"1":1,"2":2,"3":2,"4":2,"5":1,"6":1,"7":1,"8":1,"9":1},"f":{"0":1,"1":2},"b":{"0":[1,1]},"_coverageSchema":"1a1c01bbd47fc00a2c39e90264f33305004495a9","hash":"037c76933aecdca157ad0641814dc8be7468116d"}
,"/develope/rocketseat/ignite/react/ig-news/src/pages/posts/index.tsx": {"path":"/develope/rocketseat/ignite/react/ig-news/src/pages/posts/index.tsx","statementMap":{"0":{"start":{"line":22,"column":4},"end":{"line":47,"column":5}},"1":{"start":{"line":31,"column":24},"end":{"line":39,"column":31}},"2":{"start":{"line":50,"column":46},"end":{"line":76,"column":1}},"3":{"start":{"line":51,"column":20},"end":{"line":51,"column":38}},"4":{"start":{"line":53,"column":21},"end":{"line":58,"column":6}},"5":{"start":{"line":60,"column":18},"end":{"line":71,"column":6}},"6":{"start":{"line":61,"column":8},"end":{"line":70,"column":9}},"7":{"start":{"line":64,"column":55},"end":{"line":64,"column":83}},"8":{"start":{"line":73,"column":4},"end":{"line":75,"column":5}}},"fnMap":{"0":{"name":"Posts","decl":{"start":{"line":21,"column":24},"end":{"line":21,"column":29}},"loc":{"start":{"line":21,"column":53},"end":{"line":48,"column":1}},"line":21},"1":{"name":"(anonymous_1)","decl":{"start":{"line":30,"column":31},"end":{"line":30,"column":32}},"loc":{"start":{"line":31,"column":24},"end":{"line":39,"column":31}},"line":31},"2":{"name":"(anonymous_2)","decl":{"start":{"line":50,"column":46},"end":{"line":50,"column":47}},"loc":{"start":{"line":50,"column":58},"end":{"line":76,"column":1}},"line":50},"3":{"name":"(anonymous_3)","decl":{"start":{"line":60,"column":39},"end":{"line":60,"column":40}},"loc":{"start":{"line":60,"column":47},"end":{"line":71,"column":5}},"line":60},"4":{"name":"(anonymous_4)","decl":{"start":{"line":64,"column":44},"end":{"line":64,"column":45}},"loc":{"start":{"line":64,"column":55},"end":{"line":64,"column":83}},"line":64}},"branchMap":{"0":{"loc":{"start":{"line":64,"column":21},"end":{"line":64,"column":96}},"type":"binary-expr","locations":[{"start":{"line":64,"column":21},"end":{"line":64,"column":90}},{"start":{"line":64,"column":94},"end":{"line":64,"column":96}}],"line":64}},"s":{"0":1,"1":1,"2":1,"3":1,"4":1,"5":1,"6":1,"7":1,"8":1},"f":{"0":1,"1":1,"2":1,"3":1,"4":1},"b":{"0":[1,0]},"_coverageSchema":"1a1c01bbd47fc00a2c39e90264f33305004495a9","hash":"9fcb7f9c273d44101991d0d651844c817d3efd65"}
,"/develope/rocketseat/ignite/react/ig-news/src/pages/posts/preview/[slug].tsx": {"path":"/develope/rocketseat/ignite/react/ig-news/src/pages/posts/preview/[slug].tsx","statementMap":{"0":{"start":{"line":23,"column":30},"end":{"line":23,"column":42}},"1":{"start":{"line":24,"column":19},"end":{"line":24,"column":30}},"2":{"start":{"line":26,"column":4},"end":{"line":30,"column":17}},"3":{"start":{"line":27,"column":8},"end":{"line":29,"column":9}},"4":{"start":{"line":28,"column":12},"end":{"line":28,"column":46}},"5":{"start":{"line":32,"column":4},"end":{"line":56,"column":5}},"6":{"start":{"line":59,"column":46},"end":{"line":64,"column":1}},"7":{"start":{"line":60,"column":4},"end":{"line":63,"column":5}},"8":{"start":{"line":66,"column":46},"end":{"line":91,"column":1}},"9":{"start":{"line":67,"column":21},"end":{"line":67,"column":27}},"10":{"start":{"line":70,"column":20},"end":{"line":70,"column":38}},"11":{"start":{"line":72,"column":21},"end":{"line":72,"column":69}},"12":{"start":{"line":74,"column":17},"end":{"line":83,"column":5}},"13":{"start":{"line":85,"column":4},"end":{"line":90,"column":5}}},"fnMap":{"0":{"name":"PostPreview","decl":{"start":{"line":22,"column":24},"end":{"line":22,"column":35}},"loc":{"start":{"line":22,"column":64},"end":{"line":57,"column":1}},"line":22},"1":{"name":"(anonymous_1)","decl":{"start":{"line":26,"column":14},"end":{"line":26,"column":15}},"loc":{"start":{"line":26,"column":20},"end":{"line":30,"column":5}},"line":26},"2":{"name":"(anonymous_2)","decl":{"start":{"line":59,"column":46},"end":{"line":59,"column":47}},"loc":{"start":{"line":59,"column":58},"end":{"line":64,"column":1}},"line":59},"3":{"name":"(anonymous_3)","decl":{"start":{"line":66,"column":46},"end":{"line":66,"column":47}},"loc":{"start":{"line":66,"column":68},"end":{"line":91,"column":1}},"line":66}},"branchMap":{"0":{"loc":{"start":{"line":27,"column":8},"end":{"line":29,"column":9}},"type":"if","locations":[{"start":{"line":27,"column":8},"end":{"line":29,"column":9}},{"start":{},"end":{}}],"line":27}},"s":{"0":2,"1":2,"2":2,"3":2,"4":1,"5":2,"6":1,"7":0,"8":1,"9":1,"10":1,"11":1,"12":1,"13":1},"f":{"0":2,"1":2,"2":0,"3":1},"b":{"0":[1,1]},"_coverageSchema":"1a1c01bbd47fc00a2c39e90264f33305004495a9","hash":"d678b55f87e7471aed2c7a240d07a85e6b398838"}
,"/develope/rocketseat/ignite/react/ig-news/src/services/api.ts": {"path":"/develope/rocketseat/ignite/react/ig-news/src/services/api.ts","statementMap":{"0":{"start":{"line":3,"column":19},"end":{"line":5,"column":2}}},"fnMap":{},"branchMap":{},"s":{"0":2},"f":{},"b":{},"_coverageSchema":"1a1c01bbd47fc00a2c39e90264f33305004495a9","hash":"796a2c884ddc57176a1bbbf76fdf01dd8a5de9aa"}
,"/develope/rocketseat/ignite/react/ig-news/src/services/prismic.ts": {"path":"/develope/rocketseat/ignite/react/ig-news/src/services/prismic.ts","statementMap":{"0":{"start":{"line":4,"column":20},"end":{"line":6,"column":6}},"1":{"start":{"line":7,"column":4},"end":{"line":7,"column":18}}},"fnMap":{"0":{"name":"getPrismicClient","decl":{"start":{"line":3,"column":16},"end":{"line":3,"column":32}},"loc":{"start":{"line":3,"column":48},"end":{"line":8,"column":1}},"line":3}},"branchMap":{},"s":{"0":0,"1":0},"f":{"0":0},"b":{},"_coverageSchema":"1a1c01bbd47fc00a2c39e90264f33305004495a9","hash":"d15139a07d7cbd7b303e4c9efe874378dbbd45b6"}
,"/develope/rocketseat/ignite/react/ig-news/src/services/stripe-js.ts": {"path":"/develope/rocketseat/ignite/react/ig-news/src/services/stripe-js.ts","statementMap":{"0":{"start":{"line":4,"column":21},"end":{"line":4,"column":80}},"1":{"start":{"line":5,"column":4},"end":{"line":5,"column":19}}},"fnMap":{"0":{"name":"getStripeJs","decl":{"start":{"line":3,"column":22},"end":{"line":3,"column":33}},"loc":{"start":{"line":3,"column":36},"end":{"line":6,"column":1}},"line":3}},"branchMap":{},"s":{"0":0,"1":0},"f":{"0":0},"b":{},"_coverageSchema":"1a1c01bbd47fc00a2c39e90264f33305004495a9","hash":"903628eaa0cf3d4da87f4c8ef38b02e1f5e6af08"}
,"/develope/rocketseat/ignite/react/ig-news/src/services/stripe.ts": {"path":"/develope/rocketseat/ignite/react/ig-news/src/services/stripe.ts","statementMap":{"0":{"start":{"line":3,"column":22},"end":{"line":12,"column":1}}},"fnMap":{},"branchMap":{},"s":{"0":1},"f":{},"b":{},"_coverageSchema":"1a1c01bbd47fc00a2c39e90264f33305004495a9","hash":"2fe6bb019568a3339ec0ca47b315720f49c27513"}
}
